info: connected to mongo
info: register API gets called.
info: Login API gets called.
info: User Verified with username: 
error: secretOrPrivateKey must have a value
info: Token starts with Bearer
error: Error: 
info: /api/notes-service/notes?noteid=undefined
info: Token starts with Bearer
error: Error: 
info: Token starts with Bearer
error: Error: 
info: Token starts with Bearer
error: Error: 
info: Token starts with Bearer
error: Error: 
info: Server is running on port 3000
info: connected to mongo
info: connected to mongo
info: register API gets called.
info: Login API gets called.
info: User Verified with username: 
error: secretOrPrivateKey must have a value
info: Token starts with Bearer
error: Error: 
info: /api/notes-service/notes?noteid=undefined
info: Token starts with Bearer
error: Error: 
info: Token starts with Bearer
error: Error: 
info: Token starts with Bearer
error: Error: 
info: Token starts with Bearer
error: Error: 
info: connected to mongo
info: register API gets called.
info: Login API gets called.
info: User Verified with username: 
info: Auth doc inserted successfully.
info: Auth Successful, Token:
info: Auth Token: eyJhbGciOiJIUzI1NiIsInR5cCI6IkpXVCJ9.eyJ1c2VySWQiOiI4NDJhZmZjOS1kZjIwLTRmNjQtOGVkZi0zYTBiOTczZjg2OWUiLCJpYXQiOjE3MDQxMTcyNTUsImV4cCI6MTcwNDE2MDQ1NX0.pEqh_jTzq0AfgVknW_bH3I1Sj3V1UyPGtrBJwVKfYOo
info: Token starts with Bearer
info: Token Decoded Successfully {"exp":1704160455,"iat":1704117255,"userId":"842affc9-df20-4f64-8edf-3a0b973f869e"}
info: CreateNote API gets called.
info: Token starts with Bearer
info: Token Decoded Successfully {"exp":1704160455,"iat":1704117255,"userId":"842affc9-df20-4f64-8edf-3a0b973f869e"}
info: CreateNote API gets called.
info: Token starts with Bearer
info: Token Decoded Successfully {"exp":1704160455,"iat":1704117255,"userId":"842affc9-df20-4f64-8edf-3a0b973f869e"}
info: CreateNote API gets called.
info: /api/notes-service/notes?noteid=6b6d4792-fecf-4c91-95cc-ac7ff5984837
info: Token starts with Bearer
info: Token Decoded Successfully {"exp":1704160455,"iat":1704117255,"userId":"842affc9-df20-4f64-8edf-3a0b973f869e"}
info: Read Note API gets called.
info: line 63
info: line65
info: 36
info: noteId Found, retrieving specific note with noteId: 6b6d4792-fecf-4c91-95cc-ac7ff5984837
info: Successfully, retrieved specific note from DB.
info: line 119
info: NoteInfo:  {"content":"test-content-1","createdAt":1704117255132,"lastUpdatedOn":1704117255318,"title":"test-title-1"}
info: /api/notes-service/notes?noteid=f518b4fa-0bf6-4ccb-a0fc-8805cb38de0c
info: Token starts with Bearer
info: Token Decoded Successfully {"exp":1704160455,"iat":1704117255,"userId":"842affc9-df20-4f64-8edf-3a0b973f869e"}
info: Read Note API gets called.
info: line 63
info: line65
info: 36
info: noteId Found, retrieving specific note with noteId: f518b4fa-0bf6-4ccb-a0fc-8805cb38de0c
info: Successfully, retrieved specific note from DB.
info: line 119
info: NoteInfo:  {"content":"test-content-1","createdAt":1704117255132,"lastUpdatedOn":1704117255325,"title":"test-title-2"}
info: /api/notes-service/notes?noteid=a687afc4-5adf-4fc3-bfcd-79fe1cd09005
info: Token starts with Bearer
info: Token Decoded Successfully {"exp":1704160455,"iat":1704117255,"userId":"842affc9-df20-4f64-8edf-3a0b973f869e"}
info: Read Note API gets called.
info: line 63
info: line65
info: 36
info: noteId Found, retrieving specific note with noteId: a687afc4-5adf-4fc3-bfcd-79fe1cd09005
info: Successfully, retrieved specific note from DB.
info: line 119
info: NoteInfo:  {"content":"test-content-1","createdAt":1704117255132,"lastUpdatedOn":1704117255332,"title":"test-title-3"}
info: Check For reading all notes
info: Token starts with Bearer
info: Token Decoded Successfully {"exp":1704160455,"iat":1704117255,"userId":"842affc9-df20-4f64-8edf-3a0b973f869e"}
info: Read Note API gets called.
info: line 63
info: line65
info: undefined
info: noteId not Found, retrieving all notes for userId: 842affc9-df20-4f64-8edf-3a0b973f869e
info: All Notes for user retrieved successfully.
info: line 119
info: Token starts with Bearer
info: Token Decoded Successfully {"exp":1704160455,"iat":1704117255,"userId":"842affc9-df20-4f64-8edf-3a0b973f869e"}
info: Update Note API gets called.
info: Token starts with Bearer
info: Token Decoded Successfully {"exp":1704160455,"iat":1704117255,"userId":"842affc9-df20-4f64-8edf-3a0b973f869e"}
info: Token starts with Bearer
info: Token Decoded Successfully {"exp":1704160455,"iat":1704117255,"userId":"842affc9-df20-4f64-8edf-3a0b973f869e"}
info: Logout API gets called.
info: Token starts with Bearer
info: connected to mongo
info: register API gets called.
info: Login API gets called.
info: User Verified with username: 
info: Auth doc inserted successfully.
info: Auth Successful, Token:
info: Auth Token: eyJhbGciOiJIUzI1NiIsInR5cCI6IkpXVCJ9.eyJ1c2VySWQiOiI5MzY0MTc1My0xNWU4LTQyOTMtOTM3Yy04NmU1OTUzZWRiNjEiLCJpYXQiOjE3MDQxMTc0MTUsImV4cCI6MTcwNDE2MDYxNX0.y6m29fqRM9Pb9IAuPPVuUGwUnA87nDzwzLQn2AHPT-s
info: Token starts with Bearer
info: Token Decoded Successfully {"exp":1704160615,"iat":1704117415,"userId":"93641753-15e8-4293-937c-86e5953edb61"}
info: CreateNote API gets called.
info: Token starts with Bearer
info: Token Decoded Successfully {"exp":1704160615,"iat":1704117415,"userId":"93641753-15e8-4293-937c-86e5953edb61"}
info: CreateNote API gets called.
info: Token starts with Bearer
info: Token Decoded Successfully {"exp":1704160615,"iat":1704117415,"userId":"93641753-15e8-4293-937c-86e5953edb61"}
info: CreateNote API gets called.
info: /api/notes-service/notes?noteid=0b241133-b619-4915-8f4a-534153f6a71c
info: Token starts with Bearer
info: Token Decoded Successfully {"exp":1704160615,"iat":1704117415,"userId":"93641753-15e8-4293-937c-86e5953edb61"}
info: Read Note API gets called.
info: line 63
info: line65
info: 36
info: noteId Found, retrieving specific note with noteId: 0b241133-b619-4915-8f4a-534153f6a71c
info: Successfully, retrieved specific note from DB.
info: line 119
info: NoteInfo:  {"content":"test-content-1","createdAt":1704117415827,"lastUpdatedOn":1704117416005,"title":"test-title-1"}
info: /api/notes-service/notes?noteid=ed272ba3-693d-41ff-bc28-df2f1bb5c856
info: Token starts with Bearer
info: Token Decoded Successfully {"exp":1704160615,"iat":1704117415,"userId":"93641753-15e8-4293-937c-86e5953edb61"}
info: Read Note API gets called.
info: line 63
info: line65
info: 36
info: noteId Found, retrieving specific note with noteId: ed272ba3-693d-41ff-bc28-df2f1bb5c856
info: Successfully, retrieved specific note from DB.
info: line 119
info: NoteInfo:  {"content":"test-content-1","createdAt":1704117415827,"lastUpdatedOn":1704117416015,"title":"test-title-2"}
info: /api/notes-service/notes?noteid=13402405-135a-413a-9e36-2be261473101
info: Token starts with Bearer
info: Token Decoded Successfully {"exp":1704160615,"iat":1704117415,"userId":"93641753-15e8-4293-937c-86e5953edb61"}
info: Read Note API gets called.
info: line 63
info: line65
info: 36
info: noteId Found, retrieving specific note with noteId: 13402405-135a-413a-9e36-2be261473101
info: Successfully, retrieved specific note from DB.
info: line 119
info: NoteInfo:  {"content":"test-content-1","createdAt":1704117415827,"lastUpdatedOn":1704117416026,"title":"test-title-3"}
info: Check For reading all notes
info: Token starts with Bearer
info: Token Decoded Successfully {"exp":1704160615,"iat":1704117415,"userId":"93641753-15e8-4293-937c-86e5953edb61"}
info: Read Note API gets called.
info: line 63
info: line65
info: undefined
info: noteId not Found, retrieving all notes for userId: 93641753-15e8-4293-937c-86e5953edb61
info: All Notes for user retrieved successfully.
info: line 119
info: Token starts with Bearer
info: Token Decoded Successfully {"exp":1704160615,"iat":1704117415,"userId":"93641753-15e8-4293-937c-86e5953edb61"}
info: Update Note API gets called.
info: Token starts with Bearer
info: Token Decoded Successfully {"exp":1704160615,"iat":1704117415,"userId":"93641753-15e8-4293-937c-86e5953edb61"}
info: Token starts with Bearer
info: Token Decoded Successfully {"exp":1704160615,"iat":1704117415,"userId":"93641753-15e8-4293-937c-86e5953edb61"}
info: Logout API gets called.
info: Token starts with Bearer
info: connected to mongo
info: register API gets called.
info: Login API gets called.
info: User Verified with username: 
info: Auth doc inserted successfully.
info: Auth Successful, Token:
info: Auth Token: eyJhbGciOiJIUzI1NiIsInR5cCI6IkpXVCJ9.eyJ1c2VySWQiOiIwNTU3M2UyYi1iNWE5LTRiZjItOWRiMS02YjA0N2Y1ZmNhMjgiLCJpYXQiOjE3MDQxMTc4MDUsImV4cCI6MTcwNDE2MTAwNX0.RpOW7236DvYTFBU30WPvcYP-PFXyE1EalPcz1rwQ3u4
info: Token starts with Bearer
info: Token Decoded Successfully {"exp":1704161005,"iat":1704117805,"userId":"05573e2b-b5a9-4bf2-9db1-6b047f5fca28"}
info: CreateNote API gets called.
info: Token starts with Bearer
info: Token Decoded Successfully {"exp":1704161005,"iat":1704117805,"userId":"05573e2b-b5a9-4bf2-9db1-6b047f5fca28"}
info: CreateNote API gets called.
info: Token starts with Bearer
info: Token Decoded Successfully {"exp":1704161005,"iat":1704117805,"userId":"05573e2b-b5a9-4bf2-9db1-6b047f5fca28"}
info: CreateNote API gets called.
info: /api/notes-service/notes?noteid=395e447f-e2ab-4105-8d27-a155b5431fd8
info: Token starts with Bearer
info: Token Decoded Successfully {"exp":1704161005,"iat":1704117805,"userId":"05573e2b-b5a9-4bf2-9db1-6b047f5fca28"}
info: Read Note API gets called.
info: noteId Found, retrieving specific note with noteId: 395e447f-e2ab-4105-8d27-a155b5431fd8
info: Successfully, retrieved specific note from DB.
info: NoteInfo:  {"content":"test-content-1","createdAt":1704117805820,"lastUpdatedOn":1704117806000,"title":"test-title-1"}
info: /api/notes-service/notes?noteid=282bbc11-6807-42eb-851d-6f777ef2c98f
info: Token starts with Bearer
info: Token Decoded Successfully {"exp":1704161005,"iat":1704117805,"userId":"05573e2b-b5a9-4bf2-9db1-6b047f5fca28"}
info: Read Note API gets called.
info: noteId Found, retrieving specific note with noteId: 282bbc11-6807-42eb-851d-6f777ef2c98f
info: Successfully, retrieved specific note from DB.
info: NoteInfo:  {"content":"test-content-1","createdAt":1704117805820,"lastUpdatedOn":1704117806008,"title":"test-title-2"}
info: /api/notes-service/notes?noteid=6e760a9a-9428-4db9-886b-719fdf1ca3cf
info: Token starts with Bearer
info: Token Decoded Successfully {"exp":1704161005,"iat":1704117805,"userId":"05573e2b-b5a9-4bf2-9db1-6b047f5fca28"}
info: Read Note API gets called.
info: noteId Found, retrieving specific note with noteId: 6e760a9a-9428-4db9-886b-719fdf1ca3cf
info: Successfully, retrieved specific note from DB.
info: NoteInfo:  {"content":"test-content-1","createdAt":1704117805820,"lastUpdatedOn":1704117806016,"title":"test-title-3"}
info: Check For reading all notes
info: Token starts with Bearer
info: Token Decoded Successfully {"exp":1704161005,"iat":1704117805,"userId":"05573e2b-b5a9-4bf2-9db1-6b047f5fca28"}
info: Read Note API gets called.
info: noteId not Found, retrieving all notes for userId: 05573e2b-b5a9-4bf2-9db1-6b047f5fca28
info: All Notes for user retrieved successfully.
info: Notes Retrieved
info: [object Object],[object Object],[object Object]
info: Token starts with Bearer
info: Token Decoded Successfully {"exp":1704161005,"iat":1704117805,"userId":"05573e2b-b5a9-4bf2-9db1-6b047f5fca28"}
info: Update Note API gets called.
info: Token starts with Bearer
info: Token Decoded Successfully {"exp":1704161005,"iat":1704117805,"userId":"05573e2b-b5a9-4bf2-9db1-6b047f5fca28"}
info: Token starts with Bearer
info: Token Decoded Successfully {"exp":1704161005,"iat":1704117805,"userId":"05573e2b-b5a9-4bf2-9db1-6b047f5fca28"}
info: Logout API gets called.
info: Token starts with Bearer
info: connected to mongo
info: register API gets called.
info: Login API gets called.
info: User Verified with username: 
info: Auth doc inserted successfully.
info: Auth Successful, Token:
info: Auth Token: eyJhbGciOiJIUzI1NiIsInR5cCI6IkpXVCJ9.eyJ1c2VySWQiOiI0YWU5NzJkOC1hZDk2LTQzNGEtODg0Mi1lNjkxMjU1NTQ2ZjUiLCJpYXQiOjE3MDQxMTc5MjUsImV4cCI6MTcwNDE2MTEyNX0.bNqMJYbCaOUvCOP4ddzvvs8_IxUJqFFgLR1lQ8FHslc
info: Token starts with Bearer
info: Token Decoded Successfully {"exp":1704161125,"iat":1704117925,"userId":"4ae972d8-ad96-434a-8842-e691255546f5"}
info: CreateNote API gets called.
info: Token starts with Bearer
info: Token Decoded Successfully {"exp":1704161125,"iat":1704117925,"userId":"4ae972d8-ad96-434a-8842-e691255546f5"}
info: CreateNote API gets called.
info: Token starts with Bearer
info: Token Decoded Successfully {"exp":1704161125,"iat":1704117925,"userId":"4ae972d8-ad96-434a-8842-e691255546f5"}
info: CreateNote API gets called.
info: /api/notes-service/notes?noteid=2ae65e7a-1a30-4db6-aafe-27d22473ba95
info: Token starts with Bearer
info: Token Decoded Successfully {"exp":1704161125,"iat":1704117925,"userId":"4ae972d8-ad96-434a-8842-e691255546f5"}
info: Read Note API gets called.
info: noteId Found, retrieving specific note with noteId: 2ae65e7a-1a30-4db6-aafe-27d22473ba95
info: Successfully, retrieved specific note from DB.
info: NoteInfo:  {"content":"test-content-1","createdAt":1704117925730,"lastUpdatedOn":1704117925907,"title":"test-title-1"}
info: /api/notes-service/notes?noteid=f820b0fb-64bf-4471-91c7-53652781f8d3
info: Token starts with Bearer
info: Token Decoded Successfully {"exp":1704161125,"iat":1704117925,"userId":"4ae972d8-ad96-434a-8842-e691255546f5"}
info: Read Note API gets called.
info: noteId Found, retrieving specific note with noteId: f820b0fb-64bf-4471-91c7-53652781f8d3
info: Successfully, retrieved specific note from DB.
info: NoteInfo:  {"content":"test-content-1","createdAt":1704117925730,"lastUpdatedOn":1704117925915,"title":"test-title-2"}
info: /api/notes-service/notes?noteid=edb3c7ce-14ce-4952-89f9-1df8f57c9edd
info: Token starts with Bearer
info: Token Decoded Successfully {"exp":1704161125,"iat":1704117925,"userId":"4ae972d8-ad96-434a-8842-e691255546f5"}
info: Read Note API gets called.
info: noteId Found, retrieving specific note with noteId: edb3c7ce-14ce-4952-89f9-1df8f57c9edd
info: Successfully, retrieved specific note from DB.
info: NoteInfo:  {"content":"test-content-1","createdAt":1704117925730,"lastUpdatedOn":1704117925922,"title":"test-title-3"}
info: Check For reading all notes
info: Token starts with Bearer
info: Token Decoded Successfully {"exp":1704161125,"iat":1704117925,"userId":"4ae972d8-ad96-434a-8842-e691255546f5"}
info: Read Note API gets called.
info: noteId not Found, retrieving all notes for userId: 4ae972d8-ad96-434a-8842-e691255546f5
info: All Notes for user retrieved successfully.
info: Notes Retrieved
info: [{"_id":"2ae65e7a-1a30-4db6-aafe-27d22473ba95","title":"test-title-1"},{"_id":"f820b0fb-64bf-4471-91c7-53652781f8d3","title":"test-title-2"},{"_id":"edb3c7ce-14ce-4952-89f9-1df8f57c9edd","title":"test-title-3"}]
info: Token starts with Bearer
info: Token Decoded Successfully {"exp":1704161125,"iat":1704117925,"userId":"4ae972d8-ad96-434a-8842-e691255546f5"}
info: Update Note API gets called.
info: Token starts with Bearer
info: Token Decoded Successfully {"exp":1704161125,"iat":1704117925,"userId":"4ae972d8-ad96-434a-8842-e691255546f5"}
info: Token starts with Bearer
info: Token Decoded Successfully {"exp":1704161125,"iat":1704117925,"userId":"4ae972d8-ad96-434a-8842-e691255546f5"}
info: Logout API gets called.
info: Token starts with Bearer
